<?xml version="1.0" encoding="UTF-8"?>

<root available-locales="en_US,es_ES" default-locale="en_US">
	<request/>
	<dynamic-element index-type="keyword" name="MyText" type="text">
		<dynamic-content language-id="en_US"><![CDATA[TextFieldValue_us]]></dynamic-content>
		<dynamic-content language-id="es_ES"><![CDATA[TextFieldValue_es]]></dynamic-content>
		<dynamic-element index-type="keyword" name="MyNestedText" type="text">
			<dynamic-content language-id="en_US"><![CDATA[NestedTextFieldValue_us]]></dynamic-content>
			<dynamic-content language-id="es_ES"><![CDATA[NestedTextFieldValue_es]]></dynamic-content>
		</dynamic-element>
	</dynamic-element>
	<dynamic-element index-type="keyword" name="MyBoolean" type="boolean">
		<dynamic-content language-id="en_US"><![CDATA[true]]></dynamic-content>
		<dynamic-content language-id="es_ES"><![CDATA[true]]></dynamic-content>
	</dynamic-element>
	<dynamic-element index-type="keyword" name="MyColor" type="ddm-color">
		<dynamic-content language-id="en_US"><![CDATA[#FF0000]]></dynamic-content>
		<dynamic-content language-id="es_ES"><![CDATA[#FF0000]]></dynamic-content>
	</dynamic-element>
	<dynamic-element index-type="keyword" name="MyDate" type="ddm-date">
		<dynamic-content language-id="en_US"><![CDATA[2018-10-13]]></dynamic-content>
		<dynamic-content language-id="es_ES"><![CDATA[2018-10-14]]></dynamic-content>
	</dynamic-element>
	<dynamic-element index-type="keyword" name="MyDecimal" type="ddm-decimal">
		<dynamic-content language-id="en_US"><![CDATA[1.2]]></dynamic-content>
		<dynamic-content language-id="es_ES"><![CDATA[1,2]]></dynamic-content>
	</dynamic-element>
	<dynamic-element index-type="keyword" name="MyDocumentsAndMedia" type="document_library">
		<dynamic-content language-id="en_US"><![CDATA[{}]]></dynamic-content>
		<dynamic-content language-id="es_ES"><![CDATA[{}]]></dynamic-content>
	</dynamic-element>
	<dynamic-element index-type="keyword" name="MyGeolocation" type="ddm-geolocation">
		<dynamic-content language-id="en_US">
			<![CDATA[{"latitude":40.4764774,"longitude":-3.6858469}]]></dynamic-content>
		<dynamic-content language-id="es_ES">
			<![CDATA[{"latitude":40.4764774,"longitude":-3.6858469}]]></dynamic-content>
	</dynamic-element>
	<dynamic-element index-type="text" name="MyHTML" type="text_area">
		<dynamic-content language-id="en_US">
			<![CDATA[<p>MyParagraph</p>]]></dynamic-content>
		<dynamic-content language-id="es_ES">
			<![CDATA[<p>MiPÃ¡rrafo</p>]]></dynamic-content>
	</dynamic-element>
	<dynamic-element index-type="text" name="MyImage" type="image">
		<dynamic-content language-id="en_US"><![CDATA[]]></dynamic-content>
		<dynamic-content language-id="es_ES"><![CDATA[]]></dynamic-content>
	</dynamic-element>
	<dynamic-element index-type="keyword" name="MyInteger" type="ddm-integer">
		<dynamic-content language-id="en_US"><![CDATA[2]]></dynamic-content>
		<dynamic-content language-id="es_ES"><![CDATA[2]]></dynamic-content>
	</dynamic-element>
	<dynamic-element index-type="keyword" name="MyJournalArticle" type="ddm-journal-article">
		<dynamic-content language-id="en_US"><![CDATA[]]></dynamic-content>
		<dynamic-content language-id="es_ES"><![CDATA[]]></dynamic-content>
	</dynamic-element>
	<dynamic-element index-type="keyword" name="MyLinkToPage" type="link_to_layout">
		<dynamic-content language-id="en_US"><![CDATA[]]></dynamic-content>
		<dynamic-content language-id="es_ES"><![CDATA[]]></dynamic-content>
	</dynamic-element>
	<dynamic-element index-type="keyword" name="MyNumber" type="ddm-number">
		<dynamic-content language-id="en_US"><![CDATA[-1.2]]></dynamic-content>
		<dynamic-content language-id="es_ES"><![CDATA[-1.2]]></dynamic-content>
	</dynamic-element>
	<dynamic-element index-type="keyword" name="MyRadio" type="radio">
		<dynamic-content language-id="en_US"><![CDATA[value 1]]></dynamic-content>
		<dynamic-content language-id="es_ES"><![CDATA[value 1]]></dynamic-content>
	</dynamic-element>
	<dynamic-element index-type="keyword" name="MySelect" type="list">
		<dynamic-content language-id="en_US"><![CDATA[value 1]]></dynamic-content>
		<dynamic-content language-id="es_ES"><![CDATA[value 1]]></dynamic-content>
	</dynamic-element>
	<dynamic-element index-type="text" name="MyTextBox" type="text_box">
		<dynamic-content language-id="en_US"><![CDATA[abcdef]]></dynamic-content>
		<dynamic-content language-id="es_ES"><![CDATA[abcdef]]></dynamic-content>
	</dynamic-element>
</root>